[2024-11-26 01:47:46] laravel.EMERGENCY: Unable to create configured logger. Using emergency logger. {"exception":"[object] (Error(code: 0): Class \"Illuminate\\Support\\Collection\" not found at /home/u920208635/domains/arslantech.com/public_html/pos/vendor/laravel/framework/src/Illuminate/Support/helpers.php:109)
[stacktrace]
#0 /home/u920208635/domains/arslantech.com/public_html/pos/vendor/laravel/framework/src/Illuminate/Log/LogManager.php(240): collect()
#1 /home/u920208635/domains/arslantech.com/public_html/pos/vendor/laravel/framework/src/Illuminate/Log/LogManager.php(202): Illuminate\\Log\\LogManager->createStackDriver()
#2 /home/u920208635/domains/arslantech.com/public_html/pos/vendor/laravel/framework/src/Illuminate/Log/LogManager.php(118): Illuminate\\Log\\LogManager->resolve()
#3 /home/u920208635/domains/arslantech.com/public_html/pos/vendor/laravel/framework/src/Illuminate/Log/LogManager.php(98): Illuminate\\Log\\LogManager->get()
#4 /home/u920208635/domains/arslantech.com/public_html/pos/vendor/laravel/framework/src/Illuminate/Log/LogManager.php(547): Illuminate\\Log\\LogManager->driver()
#5 /home/u920208635/domains/arslantech.com/public_html/pos/vendor/laravel/framework/src/Illuminate/Foundation/Exceptions/Handler.php(116): Illuminate\\Log\\LogManager->error()
#6 /home/u920208635/domains/arslantech.com/public_html/pos/app/Exceptions/Handler.php(39): Illuminate\\Foundation\\Exceptions\\Handler->report()
#7 /home/u920208635/domains/arslantech.com/public_html/pos/vendor/laravel/framework/src/Illuminate/Foundation/Bootstrap/HandleExceptions.php(92): App\\Exceptions\\Handler->report()
#8 /home/u920208635/domains/arslantech.com/public_html/pos/vendor/laravel/framework/src/Illuminate/Foundation/Bootstrap/HandleExceptions.php(134): Illuminate\\Foundation\\Bootstrap\\HandleExceptions->handleException()
#9 [internal function]: Illuminate\\Foundation\\Bootstrap\\HandleExceptions->handleShutdown()
#10 {main}
"} 
[2024-11-26 01:47:46] laravel.ERROR: During inheritance of ArrayAccess: Uncaught ErrorException: Return type of Illuminate\Support\Collection::offsetExists($key) should either be compatible with ArrayAccess::offsetExists(mixed $offset): bool, or the #[\ReturnTypeWillChange] attribute should be used to temporarily suppress the notice in /home/u920208635/domains/arslantech.com/public_html/pos/vendor/laravel/framework/src/Illuminate/Support/Collection.php:1277
Stack trace:
#0 /home/u920208635/domains/arslantech.com/public_html/pos/vendor/laravel/framework/src/Illuminate/Support/Collection.php(11): Illuminate\Foundation\Bootstrap\HandleExceptions->handleError()
#1 /home/u920208635/domains/arslantech.com/public_html/pos/vendor/composer/ClassLoader.php(444): include('/home/u92020863...')
#2 /home/u920208635/domains/arslantech.com/public_html/pos/vendor/composer/ClassLoader.php(322): Composer\Autoload\includeFile()
#3 /home/u920208635/domains/arslantech.com/public_html/pos/vendor/laravel/framework/src/Illuminate/Support/helpers.php(109): Composer\Autoload\ClassLoader->loadClass()
#4 /home/u920208635/domains/arslantech.com/public_html/pos/vendor/laravel/framework/src/Illuminate/Foundation/PackageManifest.php(89): collect()
#5 /home/u920208635/domains/arslantech.com/public_html/pos/vendor/laravel/framework/src/Illuminate/Foundation/PackageManifest.php(78): Illuminate\Foundation\PackageManifest->config()
#6 /home/u920208635/domains/arslantech.com/public_html/pos/vendor/laravel/framework/src/Illuminate/Foundation/Bootstrap/RegisterFacades.php(26): Illuminate\Foundation\PackageManifest->aliases()
#7 /home/u920208635/domains/arslantech.com/public_html/pos/vendor/laravel/framework/src/Illuminate/Foundation/Application.php(219): Illuminate\Foundation\Bootstrap\RegisterFacades->bootstrap()
#8 /home/u920208635/domains/arslantech.com/public_html/pos/vendor/laravel/framework/src/Illuminate/Foundation/Http/Kernel.php(156): Illuminate\Foundation\Application->bootstrapWith()
#9 /home/u920208635/domains/arslantech.com/public_html/pos/vendor/laravel/framework/src/Illuminate/Foundation/Http/Kernel.php(140): Illuminate\Foundation\Http\Kernel->bootstrap()
#10 /home/u920208635/domains/arslantech.com/public_html/pos/vendor/laravel/framework/src/Illuminate/Foundation/Http/Kernel.php(110): Illuminate\Foundation\Http\Kernel->sendRequestThroughRouter()
#11 /home/u920208635/domains/arslantech.com/public_html/pos/index.php(54): Illuminate\Foundation\Http\Kernel->handle()
#12 {main} {"exception":"[object] (Symfony\\Component\\Debug\\Exception\\FatalErrorException(code: 1): During inheritance of ArrayAccess: Uncaught ErrorException: Return type of Illuminate\\Support\\Collection::offsetExists($key) should either be compatible with ArrayAccess::offsetExists(mixed $offset): bool, or the #[\\ReturnTypeWillChange] attribute should be used to temporarily suppress the notice in /home/u920208635/domains/arslantech.com/public_html/pos/vendor/laravel/framework/src/Illuminate/Support/Collection.php:1277
Stack trace:
#0 /home/u920208635/domains/arslantech.com/public_html/pos/vendor/laravel/framework/src/Illuminate/Support/Collection.php(11): Illuminate\\Foundation\\Bootstrap\\HandleExceptions->handleError()
#1 /home/u920208635/domains/arslantech.com/public_html/pos/vendor/composer/ClassLoader.php(444): include('/home/u92020863...')
#2 /home/u920208635/domains/arslantech.com/public_html/pos/vendor/composer/ClassLoader.php(322): Composer\\Autoload\\includeFile()
#3 /home/u920208635/domains/arslantech.com/public_html/pos/vendor/laravel/framework/src/Illuminate/Support/helpers.php(109): Composer\\Autoload\\ClassLoader->loadClass()
#4 /home/u920208635/domains/arslantech.com/public_html/pos/vendor/laravel/framework/src/Illuminate/Foundation/PackageManifest.php(89): collect()
#5 /home/u920208635/domains/arslantech.com/public_html/pos/vendor/laravel/framework/src/Illuminate/Foundation/PackageManifest.php(78): Illuminate\\Foundation\\PackageManifest->config()
#6 /home/u920208635/domains/arslantech.com/public_html/pos/vendor/laravel/framework/src/Illuminate/Foundation/Bootstrap/RegisterFacades.php(26): Illuminate\\Foundation\\PackageManifest->aliases()
#7 /home/u920208635/domains/arslantech.com/public_html/pos/vendor/laravel/framework/src/Illuminate/Foundation/Application.php(219): Illuminate\\Foundation\\Bootstrap\\RegisterFacades->bootstrap()
#8 /home/u920208635/domains/arslantech.com/public_html/pos/vendor/laravel/framework/src/Illuminate/Foundation/Http/Kernel.php(156): Illuminate\\Foundation\\Application->bootstrapWith()
#9 /home/u920208635/domains/arslantech.com/public_html/pos/vendor/laravel/framework/src/Illuminate/Foundation/Http/Kernel.php(140): Illuminate\\Foundation\\Http\\Kernel->bootstrap()
#10 /home/u920208635/domains/arslantech.com/public_html/pos/vendor/laravel/framework/src/Illuminate/Foundation/Http/Kernel.php(110): Illuminate\\Foundation\\Http\\Kernel->sendRequestThroughRouter()
#11 /home/u920208635/domains/arslantech.com/public_html/pos/index.php(54): Illuminate\\Foundation\\Http\\Kernel->handle()
#12 {main} at /home/u920208635/domains/arslantech.com/public_html/pos/vendor/laravel/framework/src/Illuminate/Support/Collection.php:11)
[stacktrace]
#0 {main}
"} 
